2021-10-22 09:03:30.608  INFO 7112 --- [main] c.g.GuessNumberApplicationTests          : Starting GuessNumberApplicationTests using Java 1.8.0_202 on DESKTOP-PKOB2HV with PID 7112 (started by Simon in D:\practice\tests\guess_number)
2021-10-22 09:03:30.615  INFO 7112 --- [main] c.g.GuessNumberApplicationTests          : No active profile set, falling back to default profiles: default
2021-10-22 09:03:31.049  INFO 7112 --- [main] .s.d.r.c.RepositoryConfigurationDelegate : Multiple Spring Data modules found, entering strict repository configuration mode!
2021-10-22 09:03:31.052  INFO 7112 --- [main] .s.d.r.c.RepositoryConfigurationDelegate : Bootstrapping Spring Data Redis repositories in DEFAULT mode.
2021-10-22 09:03:31.068  INFO 7112 --- [main] .s.d.r.c.RepositoryConfigurationDelegate : Finished Spring Data repository scanning in 6 ms. Found 0 Redis repository interfaces.
2021-10-22 09:03:32.263  INFO 7112 --- [main] c.g.GuessNumberApplicationTests          : Started GuessNumberApplicationTests in 1.9 seconds (JVM running for 2.609)
2021-10-22 09:06:28.167  INFO 3096 --- [main] c.g.GuessNumberApplicationTests          : Starting GuessNumberApplicationTests using Java 1.8.0_202 on DESKTOP-PKOB2HV with PID 3096 (started by Simon in D:\practice\tests\guess_number)
2021-10-22 09:06:28.170  INFO 3096 --- [main] c.g.GuessNumberApplicationTests          : No active profile set, falling back to default profiles: default
2021-10-22 09:06:28.617  INFO 3096 --- [main] .s.d.r.c.RepositoryConfigurationDelegate : Multiple Spring Data modules found, entering strict repository configuration mode!
2021-10-22 09:06:28.619  INFO 3096 --- [main] .s.d.r.c.RepositoryConfigurationDelegate : Bootstrapping Spring Data Redis repositories in DEFAULT mode.
2021-10-22 09:06:28.636  INFO 3096 --- [main] .s.d.r.c.RepositoryConfigurationDelegate : Finished Spring Data repository scanning in 6 ms. Found 0 Redis repository interfaces.
2021-10-22 09:06:29.812  INFO 3096 --- [main] c.g.GuessNumberApplicationTests          : Started GuessNumberApplicationTests in 1.886 seconds (JVM running for 2.606)
2021-10-22 10:06:11.382  INFO 4904 --- [main] c.g.GuessNumberApplicationTests          : Starting GuessNumberApplicationTests using Java 1.8.0_202 on DESKTOP-PKOB2HV with PID 4904 (started by Simon in D:\practice\tests\guess_number)
2021-10-22 10:06:11.384  INFO 4904 --- [main] c.g.GuessNumberApplicationTests          : No active profile set, falling back to default profiles: default
2021-10-22 10:06:11.808  INFO 4904 --- [main] .s.d.r.c.RepositoryConfigurationDelegate : Multiple Spring Data modules found, entering strict repository configuration mode!
2021-10-22 10:06:11.810  INFO 4904 --- [main] .s.d.r.c.RepositoryConfigurationDelegate : Bootstrapping Spring Data Redis repositories in DEFAULT mode.
2021-10-22 10:06:11.827  INFO 4904 --- [main] .s.d.r.c.RepositoryConfigurationDelegate : Finished Spring Data repository scanning in 6 ms. Found 0 Redis repository interfaces.
2021-10-22 10:06:12.954  INFO 4904 --- [main] c.g.GuessNumberApplicationTests          : Started GuessNumberApplicationTests in 1.808 seconds (JVM running for 2.504)
2021-10-22 10:10:31.816  INFO 13172 --- [main] c.g.GuessNumberApplicationTests          : Starting GuessNumberApplicationTests using Java 1.8.0_202 on DESKTOP-PKOB2HV with PID 13172 (started by Simon in D:\practice\tests\guess_number)
2021-10-22 10:10:31.818  INFO 13172 --- [main] c.g.GuessNumberApplicationTests          : No active profile set, falling back to default profiles: default
2021-10-22 10:10:32.233  INFO 13172 --- [main] .s.d.r.c.RepositoryConfigurationDelegate : Multiple Spring Data modules found, entering strict repository configuration mode!
2021-10-22 10:10:32.236  INFO 13172 --- [main] .s.d.r.c.RepositoryConfigurationDelegate : Bootstrapping Spring Data Redis repositories in DEFAULT mode.
2021-10-22 10:10:32.251  INFO 13172 --- [main] .s.d.r.c.RepositoryConfigurationDelegate : Finished Spring Data repository scanning in 6 ms. Found 0 Redis repository interfaces.
2021-10-22 10:10:33.389  INFO 13172 --- [main] c.g.GuessNumberApplicationTests          : Started GuessNumberApplicationTests in 1.809 seconds (JVM running for 2.509)
2021-10-22 13:17:32.905  INFO 12048 --- [main] com.guessnumber.GuessControllerTests     : Starting GuessControllerTests using Java 1.8.0_202 on DESKTOP-PKOB2HV with PID 12048 (started by Simon in D:\practice\tests\guess_number)
2021-10-22 13:17:32.907  INFO 12048 --- [main] com.guessnumber.GuessControllerTests     : No active profile set, falling back to default profiles: default
2021-10-22 13:17:34.406  INFO 12048 --- [main] o.s.b.t.m.w.SpringBootMockServletContext : Initializing Spring TestDispatcherServlet ''
2021-10-22 13:17:34.406  INFO 12048 --- [main] o.s.t.web.servlet.TestDispatcherServlet  : Initializing Servlet ''
2021-10-22 13:17:34.407  INFO 12048 --- [main] o.s.t.web.servlet.TestDispatcherServlet  : Completed initialization in 1 ms
2021-10-22 13:17:34.429  INFO 12048 --- [main] com.guessnumber.GuessControllerTests     : Started GuessControllerTests in 1.961 seconds (JVM running for 2.8)
2021-10-22 13:17:34.521  WARN 12048 --- [main] .w.s.m.s.DefaultHandlerExceptionResolver : Resolved [org.springframework.http.converter.HttpMessageNotReadableException: Required request body is missing: public org.springframework.http.ResponseEntity<java.lang.Object> com.guessnumber.controller.GuessNumberController.startGuessing(com.guessnumber.model.UserInput) throws java.lang.Exception]
2021-10-22 13:17:34.554  INFO 12048 --- [main] .b.t.c.SpringBootTestContextBootstrapper : Neither @ContextConfiguration nor @ContextHierarchy found for test class [com.guessnumber.GuessNumberApplicationTests], using SpringBootContextLoader
2021-10-22 13:17:34.554  INFO 12048 --- [main] o.s.t.c.support.AbstractContextLoader    : Could not detect default resource locations for test class [com.guessnumber.GuessNumberApplicationTests]: no resource found for suffixes {-context.xml, Context.groovy}.
2021-10-22 13:17:34.555  INFO 12048 --- [main] t.c.s.AnnotationConfigContextLoaderUtils : Could not detect default configuration classes for test class [com.guessnumber.GuessNumberApplicationTests]: GuessNumberApplicationTests does not declare any static, non-private, non-final, nested classes annotated with @Configuration.
2021-10-22 13:17:34.557  INFO 12048 --- [main] .b.t.c.SpringBootTestContextBootstrapper : Found @SpringBootConfiguration com.guessnumber.GuessNumberApplication for test class com.guessnumber.GuessNumberApplicationTests
2021-10-22 13:17:34.561  INFO 12048 --- [main] .b.t.c.SpringBootTestContextBootstrapper : Loaded default TestExecutionListener class names from location [META-INF/spring.factories]: [org.springframework.boot.test.mock.mockito.MockitoTestExecutionListener, org.springframework.boot.test.mock.mockito.ResetMocksTestExecutionListener, org.springframework.boot.test.autoconfigure.restdocs.RestDocsTestExecutionListener, org.springframework.boot.test.autoconfigure.web.client.MockRestServiceServerResetTestExecutionListener, org.springframework.boot.test.autoconfigure.web.servlet.MockMvcPrintOnlyOnFailureTestExecutionListener, org.springframework.boot.test.autoconfigure.web.servlet.WebDriverTestExecutionListener, org.springframework.boot.test.autoconfigure.webservices.client.MockWebServiceServerTestExecutionListener, org.springframework.test.context.web.ServletTestExecutionListener, org.springframework.test.context.support.DirtiesContextBeforeModesTestExecutionListener, org.springframework.test.context.event.ApplicationEventsTestExecutionListener, org.springframework.test.context.support.DependencyInjectionTestExecutionListener, org.springframework.test.context.support.DirtiesContextTestExecutionListener, org.springframework.test.context.transaction.TransactionalTestExecutionListener, org.springframework.test.context.jdbc.SqlScriptsTestExecutionListener, org.springframework.test.context.event.EventPublishingTestExecutionListener]
2021-10-22 13:17:34.562  INFO 12048 --- [main] .b.t.c.SpringBootTestContextBootstrapper : Using TestExecutionListeners: [org.springframework.test.context.web.ServletTestExecutionListener@1a565afb, org.springframework.test.context.support.DirtiesContextBeforeModesTestExecutionListener@2fd64b11, org.springframework.test.context.event.ApplicationEventsTestExecutionListener@949c598, org.springframework.boot.test.mock.mockito.MockitoTestExecutionListener@43d3aba5, org.springframework.boot.test.autoconfigure.SpringBootDependencyInjectionTestExecutionListener@6bfaa0a6, org.springframework.test.context.support.DirtiesContextTestExecutionListener@76e9f00b, org.springframework.test.context.transaction.TransactionalTestExecutionListener@314b9e4b, org.springframework.test.context.jdbc.SqlScriptsTestExecutionListener@6f1b8544, org.springframework.test.context.event.EventPublishingTestExecutionListener@51dae791, org.springframework.boot.test.mock.mockito.ResetMocksTestExecutionListener@688a2c09, org.springframework.boot.test.autoconfigure.restdocs.RestDocsTestExecutionListener@5de5e95, org.springframework.boot.test.autoconfigure.web.client.MockRestServiceServerResetTestExecutionListener@365cdacf, org.springframework.boot.test.autoconfigure.web.servlet.MockMvcPrintOnlyOnFailureTestExecutionListener@303c55fa, org.springframework.boot.test.autoconfigure.web.servlet.WebDriverTestExecutionListener@9efcd90, org.springframework.boot.test.autoconfigure.webservices.client.MockWebServiceServerTestExecutionListener@7eb200ce]
2021-10-22 13:17:34.588  INFO 12048 --- [main] c.g.GuessNumberApplicationTests          : Starting GuessNumberApplicationTests using Java 1.8.0_202 on DESKTOP-PKOB2HV with PID 12048 (started by Simon in D:\practice\tests\guess_number)
2021-10-22 13:17:34.590  INFO 12048 --- [main] c.g.GuessNumberApplicationTests          : No active profile set, falling back to default profiles: default
2021-10-22 13:17:34.837  INFO 12048 --- [main] .s.d.r.c.RepositoryConfigurationDelegate : Multiple Spring Data modules found, entering strict repository configuration mode!
2021-10-22 13:17:34.840  INFO 12048 --- [main] .s.d.r.c.RepositoryConfigurationDelegate : Bootstrapping Spring Data Redis repositories in DEFAULT mode.
2021-10-22 13:17:34.862  INFO 12048 --- [main] .s.d.r.c.RepositoryConfigurationDelegate : Finished Spring Data repository scanning in 7 ms. Found 0 Redis repository interfaces.
2021-10-22 13:17:35.599  INFO 12048 --- [main] c.g.GuessNumberApplicationTests          : Started GuessNumberApplicationTests in 1.034 seconds (JVM running for 3.97)
2021-10-22 13:19:49.927  INFO 14656 --- [main] com.guessnumber.GuessControllerTests     : Starting GuessControllerTests using Java 1.8.0_202 on DESKTOP-PKOB2HV with PID 14656 (started by Simon in D:\practice\tests\guess_number)
2021-10-22 13:19:49.929  INFO 14656 --- [main] com.guessnumber.GuessControllerTests     : No active profile set, falling back to default profiles: default
2021-10-22 13:19:51.203  INFO 14656 --- [main] o.s.b.t.m.w.SpringBootMockServletContext : Initializing Spring TestDispatcherServlet ''
2021-10-22 13:19:51.203  INFO 14656 --- [main] o.s.t.web.servlet.TestDispatcherServlet  : Initializing Servlet ''
2021-10-22 13:19:51.205  INFO 14656 --- [main] o.s.t.web.servlet.TestDispatcherServlet  : Completed initialization in 1 ms
2021-10-22 13:19:51.233  INFO 14656 --- [main] com.guessnumber.GuessControllerTests     : Started GuessControllerTests in 1.64 seconds (JVM running for 2.328)
2021-10-22 13:19:51.287  INFO 14656 --- [main] .b.t.c.SpringBootTestContextBootstrapper : Neither @ContextConfiguration nor @ContextHierarchy found for test class [com.guessnumber.GuessNumberApplicationTests], using SpringBootContextLoader
2021-10-22 13:19:51.288  INFO 14656 --- [main] o.s.t.c.support.AbstractContextLoader    : Could not detect default resource locations for test class [com.guessnumber.GuessNumberApplicationTests]: no resource found for suffixes {-context.xml, Context.groovy}.
2021-10-22 13:19:51.288  INFO 14656 --- [main] t.c.s.AnnotationConfigContextLoaderUtils : Could not detect default configuration classes for test class [com.guessnumber.GuessNumberApplicationTests]: GuessNumberApplicationTests does not declare any static, non-private, non-final, nested classes annotated with @Configuration.
2021-10-22 13:19:51.291  INFO 14656 --- [main] .b.t.c.SpringBootTestContextBootstrapper : Found @SpringBootConfiguration com.guessnumber.GuessNumberApplication for test class com.guessnumber.GuessNumberApplicationTests
2021-10-22 13:19:51.295  INFO 14656 --- [main] .b.t.c.SpringBootTestContextBootstrapper : Loaded default TestExecutionListener class names from location [META-INF/spring.factories]: [org.springframework.boot.test.mock.mockito.MockitoTestExecutionListener, org.springframework.boot.test.mock.mockito.ResetMocksTestExecutionListener, org.springframework.boot.test.autoconfigure.restdocs.RestDocsTestExecutionListener, org.springframework.boot.test.autoconfigure.web.client.MockRestServiceServerResetTestExecutionListener, org.springframework.boot.test.autoconfigure.web.servlet.MockMvcPrintOnlyOnFailureTestExecutionListener, org.springframework.boot.test.autoconfigure.web.servlet.WebDriverTestExecutionListener, org.springframework.boot.test.autoconfigure.webservices.client.MockWebServiceServerTestExecutionListener, org.springframework.test.context.web.ServletTestExecutionListener, org.springframework.test.context.support.DirtiesContextBeforeModesTestExecutionListener, org.springframework.test.context.event.ApplicationEventsTestExecutionListener, org.springframework.test.context.support.DependencyInjectionTestExecutionListener, org.springframework.test.context.support.DirtiesContextTestExecutionListener, org.springframework.test.context.transaction.TransactionalTestExecutionListener, org.springframework.test.context.jdbc.SqlScriptsTestExecutionListener, org.springframework.test.context.event.EventPublishingTestExecutionListener]
2021-10-22 13:19:51.296  INFO 14656 --- [main] .b.t.c.SpringBootTestContextBootstrapper : Using TestExecutionListeners: [org.springframework.test.context.web.ServletTestExecutionListener@22f4f8f2, org.springframework.test.context.support.DirtiesContextBeforeModesTestExecutionListener@bbd4791, org.springframework.test.context.event.ApplicationEventsTestExecutionListener@40a72ecd, org.springframework.boot.test.mock.mockito.MockitoTestExecutionListener@73971965, org.springframework.boot.test.autoconfigure.SpringBootDependencyInjectionTestExecutionListener@76a14c8d, org.springframework.test.context.support.DirtiesContextTestExecutionListener@17410c07, org.springframework.test.context.transaction.TransactionalTestExecutionListener@6ee99964, org.springframework.test.context.jdbc.SqlScriptsTestExecutionListener@257ef9ed, org.springframework.test.context.event.EventPublishingTestExecutionListener@59c70ceb, org.springframework.boot.test.mock.mockito.ResetMocksTestExecutionListener@46f902e0, org.springframework.boot.test.autoconfigure.restdocs.RestDocsTestExecutionListener@64f981e2, org.springframework.boot.test.autoconfigure.web.client.MockRestServiceServerResetTestExecutionListener@361abd01, org.springframework.boot.test.autoconfigure.web.servlet.MockMvcPrintOnlyOnFailureTestExecutionListener@575b5f7d, org.springframework.boot.test.autoconfigure.web.servlet.WebDriverTestExecutionListener@59bbb974, org.springframework.boot.test.autoconfigure.webservices.client.MockWebServiceServerTestExecutionListener@7165d530]
2021-10-22 13:19:51.328  INFO 14656 --- [main] c.g.GuessNumberApplicationTests          : Starting GuessNumberApplicationTests using Java 1.8.0_202 on DESKTOP-PKOB2HV with PID 14656 (started by Simon in D:\practice\tests\guess_number)
2021-10-22 13:19:51.329  INFO 14656 --- [main] c.g.GuessNumberApplicationTests          : No active profile set, falling back to default profiles: default
2021-10-22 13:19:51.535  INFO 14656 --- [main] .s.d.r.c.RepositoryConfigurationDelegate : Multiple Spring Data modules found, entering strict repository configuration mode!
2021-10-22 13:19:51.538  INFO 14656 --- [main] .s.d.r.c.RepositoryConfigurationDelegate : Bootstrapping Spring Data Redis repositories in DEFAULT mode.
2021-10-22 13:19:51.555  INFO 14656 --- [main] .s.d.r.c.RepositoryConfigurationDelegate : Finished Spring Data repository scanning in 6 ms. Found 0 Redis repository interfaces.
2021-10-22 13:19:52.271  INFO 14656 --- [main] c.g.GuessNumberApplicationTests          : Started GuessNumberApplicationTests in 0.972 seconds (JVM running for 3.366)
2021-10-22 13:21:38.593  INFO 15048 --- [main] com.guessnumber.GuessControllerTests     : Starting GuessControllerTests using Java 1.8.0_202 on DESKTOP-PKOB2HV with PID 15048 (started by Simon in D:\practice\tests\guess_number)
2021-10-22 13:21:38.596  INFO 15048 --- [main] com.guessnumber.GuessControllerTests     : No active profile set, falling back to default profiles: default
2021-10-22 13:21:39.855  INFO 15048 --- [main] o.s.b.t.m.w.SpringBootMockServletContext : Initializing Spring TestDispatcherServlet ''
2021-10-22 13:21:39.855  INFO 15048 --- [main] o.s.t.web.servlet.TestDispatcherServlet  : Initializing Servlet ''
2021-10-22 13:21:39.856  INFO 15048 --- [main] o.s.t.web.servlet.TestDispatcherServlet  : Completed initialization in 1 ms
2021-10-22 13:21:39.883  INFO 15048 --- [main] com.guessnumber.GuessControllerTests     : Started GuessControllerTests in 1.633 seconds (JVM running for 2.328)
2021-10-22 13:21:39.966  WARN 15048 --- [main] .w.s.m.s.DefaultHandlerExceptionResolver : Resolved [org.springframework.http.converter.HttpMessageNotReadableException: Required request body is missing: public org.springframework.http.ResponseEntity<java.lang.Object> com.guessnumber.controller.GuessNumberController.startGuessing(com.guessnumber.model.UserInput) throws java.lang.Exception]
2021-10-22 13:21:39.993  INFO 15048 --- [main] .b.t.c.SpringBootTestContextBootstrapper : Neither @ContextConfiguration nor @ContextHierarchy found for test class [com.guessnumber.GuessNumberApplicationTests], using SpringBootContextLoader
2021-10-22 13:21:39.994  INFO 15048 --- [main] o.s.t.c.support.AbstractContextLoader    : Could not detect default resource locations for test class [com.guessnumber.GuessNumberApplicationTests]: no resource found for suffixes {-context.xml, Context.groovy}.
2021-10-22 13:21:39.994  INFO 15048 --- [main] t.c.s.AnnotationConfigContextLoaderUtils : Could not detect default configuration classes for test class [com.guessnumber.GuessNumberApplicationTests]: GuessNumberApplicationTests does not declare any static, non-private, non-final, nested classes annotated with @Configuration.
2021-10-22 13:21:39.996  INFO 15048 --- [main] .b.t.c.SpringBootTestContextBootstrapper : Found @SpringBootConfiguration com.guessnumber.GuessNumberApplication for test class com.guessnumber.GuessNumberApplicationTests
2021-10-22 13:21:39.999  INFO 15048 --- [main] .b.t.c.SpringBootTestContextBootstrapper : Loaded default TestExecutionListener class names from location [META-INF/spring.factories]: [org.springframework.boot.test.mock.mockito.MockitoTestExecutionListener, org.springframework.boot.test.mock.mockito.ResetMocksTestExecutionListener, org.springframework.boot.test.autoconfigure.restdocs.RestDocsTestExecutionListener, org.springframework.boot.test.autoconfigure.web.client.MockRestServiceServerResetTestExecutionListener, org.springframework.boot.test.autoconfigure.web.servlet.MockMvcPrintOnlyOnFailureTestExecutionListener, org.springframework.boot.test.autoconfigure.web.servlet.WebDriverTestExecutionListener, org.springframework.boot.test.autoconfigure.webservices.client.MockWebServiceServerTestExecutionListener, org.springframework.test.context.web.ServletTestExecutionListener, org.springframework.test.context.support.DirtiesContextBeforeModesTestExecutionListener, org.springframework.test.context.event.ApplicationEventsTestExecutionListener, org.springframework.test.context.support.DependencyInjectionTestExecutionListener, org.springframework.test.context.support.DirtiesContextTestExecutionListener, org.springframework.test.context.transaction.TransactionalTestExecutionListener, org.springframework.test.context.jdbc.SqlScriptsTestExecutionListener, org.springframework.test.context.event.EventPublishingTestExecutionListener]
2021-10-22 13:21:40.000  INFO 15048 --- [main] .b.t.c.SpringBootTestContextBootstrapper : Using TestExecutionListeners: [org.springframework.test.context.web.ServletTestExecutionListener@1a565afb, org.springframework.test.context.support.DirtiesContextBeforeModesTestExecutionListener@2fd64b11, org.springframework.test.context.event.ApplicationEventsTestExecutionListener@949c598, org.springframework.boot.test.mock.mockito.MockitoTestExecutionListener@43d3aba5, org.springframework.boot.test.autoconfigure.SpringBootDependencyInjectionTestExecutionListener@6bfaa0a6, org.springframework.test.context.support.DirtiesContextTestExecutionListener@76e9f00b, org.springframework.test.context.transaction.TransactionalTestExecutionListener@314b9e4b, org.springframework.test.context.jdbc.SqlScriptsTestExecutionListener@6f1b8544, org.springframework.test.context.event.EventPublishingTestExecutionListener@51dae791, org.springframework.boot.test.mock.mockito.ResetMocksTestExecutionListener@688a2c09, org.springframework.boot.test.autoconfigure.restdocs.RestDocsTestExecutionListener@5de5e95, org.springframework.boot.test.autoconfigure.web.client.MockRestServiceServerResetTestExecutionListener@365cdacf, org.springframework.boot.test.autoconfigure.web.servlet.MockMvcPrintOnlyOnFailureTestExecutionListener@303c55fa, org.springframework.boot.test.autoconfigure.web.servlet.WebDriverTestExecutionListener@9efcd90, org.springframework.boot.test.autoconfigure.webservices.client.MockWebServiceServerTestExecutionListener@7eb200ce]
2021-10-22 13:21:40.026  INFO 15048 --- [main] c.g.GuessNumberApplicationTests          : Starting GuessNumberApplicationTests using Java 1.8.0_202 on DESKTOP-PKOB2HV with PID 15048 (started by Simon in D:\practice\tests\guess_number)
2021-10-22 13:21:40.027  INFO 15048 --- [main] c.g.GuessNumberApplicationTests          : No active profile set, falling back to default profiles: default
2021-10-22 13:21:40.237  INFO 15048 --- [main] .s.d.r.c.RepositoryConfigurationDelegate : Multiple Spring Data modules found, entering strict repository configuration mode!
2021-10-22 13:21:40.239  INFO 15048 --- [main] .s.d.r.c.RepositoryConfigurationDelegate : Bootstrapping Spring Data Redis repositories in DEFAULT mode.
2021-10-22 13:21:40.256  INFO 15048 --- [main] .s.d.r.c.RepositoryConfigurationDelegate : Finished Spring Data repository scanning in 5 ms. Found 0 Redis repository interfaces.
2021-10-22 13:21:40.960  INFO 15048 --- [main] c.g.GuessNumberApplicationTests          : Started GuessNumberApplicationTests in 0.958 seconds (JVM running for 3.405)
2021-10-22 13:23:47.014  INFO 5432 --- [main] com.guessnumber.GuessControllerTests     : Starting GuessControllerTests using Java 1.8.0_202 on DESKTOP-PKOB2HV with PID 5432 (started by Simon in D:\practice\tests\guess_number)
2021-10-22 13:23:47.016  INFO 5432 --- [main] com.guessnumber.GuessControllerTests     : No active profile set, falling back to default profiles: default
2021-10-22 13:23:48.271  INFO 5432 --- [main] o.s.b.t.m.w.SpringBootMockServletContext : Initializing Spring TestDispatcherServlet ''
2021-10-22 13:23:48.272  INFO 5432 --- [main] o.s.t.web.servlet.TestDispatcherServlet  : Initializing Servlet ''
2021-10-22 13:23:48.273  INFO 5432 --- [main] o.s.t.web.servlet.TestDispatcherServlet  : Completed initialization in 1 ms
2021-10-22 13:23:48.294  INFO 5432 --- [main] com.guessnumber.GuessControllerTests     : Started GuessControllerTests in 1.611 seconds (JVM running for 2.291)
2021-10-22 13:23:48.376  WARN 5432 --- [main] .w.s.m.s.DefaultHandlerExceptionResolver : Resolved [org.springframework.http.converter.HttpMessageNotReadableException: Required request body is missing: public org.springframework.http.ResponseEntity<java.lang.Object> com.guessnumber.controller.GuessNumberController.startGuessing(com.guessnumber.model.UserInput) throws java.lang.Exception]
2021-10-22 13:23:48.412  INFO 5432 --- [main] .b.t.c.SpringBootTestContextBootstrapper : Neither @ContextConfiguration nor @ContextHierarchy found for test class [com.guessnumber.GuessNumberApplicationTests], using SpringBootContextLoader
2021-10-22 13:23:48.413  INFO 5432 --- [main] o.s.t.c.support.AbstractContextLoader    : Could not detect default resource locations for test class [com.guessnumber.GuessNumberApplicationTests]: no resource found for suffixes {-context.xml, Context.groovy}.
2021-10-22 13:23:48.414  INFO 5432 --- [main] t.c.s.AnnotationConfigContextLoaderUtils : Could not detect default configuration classes for test class [com.guessnumber.GuessNumberApplicationTests]: GuessNumberApplicationTests does not declare any static, non-private, non-final, nested classes annotated with @Configuration.
2021-10-22 13:23:48.416  INFO 5432 --- [main] .b.t.c.SpringBootTestContextBootstrapper : Found @SpringBootConfiguration com.guessnumber.GuessNumberApplication for test class com.guessnumber.GuessNumberApplicationTests
2021-10-22 13:23:48.421  INFO 5432 --- [main] .b.t.c.SpringBootTestContextBootstrapper : Loaded default TestExecutionListener class names from location [META-INF/spring.factories]: [org.springframework.boot.test.mock.mockito.MockitoTestExecutionListener, org.springframework.boot.test.mock.mockito.ResetMocksTestExecutionListener, org.springframework.boot.test.autoconfigure.restdocs.RestDocsTestExecutionListener, org.springframework.boot.test.autoconfigure.web.client.MockRestServiceServerResetTestExecutionListener, org.springframework.boot.test.autoconfigure.web.servlet.MockMvcPrintOnlyOnFailureTestExecutionListener, org.springframework.boot.test.autoconfigure.web.servlet.WebDriverTestExecutionListener, org.springframework.boot.test.autoconfigure.webservices.client.MockWebServiceServerTestExecutionListener, org.springframework.test.context.web.ServletTestExecutionListener, org.springframework.test.context.support.DirtiesContextBeforeModesTestExecutionListener, org.springframework.test.context.event.ApplicationEventsTestExecutionListener, org.springframework.test.context.support.DependencyInjectionTestExecutionListener, org.springframework.test.context.support.DirtiesContextTestExecutionListener, org.springframework.test.context.transaction.TransactionalTestExecutionListener, org.springframework.test.context.jdbc.SqlScriptsTestExecutionListener, org.springframework.test.context.event.EventPublishingTestExecutionListener]
2021-10-22 13:23:48.422  INFO 5432 --- [main] .b.t.c.SpringBootTestContextBootstrapper : Using TestExecutionListeners: [org.springframework.test.context.web.ServletTestExecutionListener@76e9f00b, org.springframework.test.context.support.DirtiesContextBeforeModesTestExecutionListener@314b9e4b, org.springframework.test.context.event.ApplicationEventsTestExecutionListener@6f1b8544, org.springframework.boot.test.mock.mockito.MockitoTestExecutionListener@51dae791, org.springframework.boot.test.autoconfigure.SpringBootDependencyInjectionTestExecutionListener@688a2c09, org.springframework.test.context.support.DirtiesContextTestExecutionListener@5de5e95, org.springframework.test.context.transaction.TransactionalTestExecutionListener@365cdacf, org.springframework.test.context.jdbc.SqlScriptsTestExecutionListener@303c55fa, org.springframework.test.context.event.EventPublishingTestExecutionListener@9efcd90, org.springframework.boot.test.mock.mockito.ResetMocksTestExecutionListener@7eb200ce, org.springframework.boot.test.autoconfigure.restdocs.RestDocsTestExecutionListener@2ee83775, org.springframework.boot.test.autoconfigure.web.client.MockRestServiceServerResetTestExecutionListener@7c2924d7, org.springframework.boot.test.autoconfigure.web.servlet.MockMvcPrintOnlyOnFailureTestExecutionListener@b5de58f, org.springframework.boot.test.autoconfigure.web.servlet.WebDriverTestExecutionListener@6587305a, org.springframework.boot.test.autoconfigure.webservices.client.MockWebServiceServerTestExecutionListener@abbe000]
2021-10-22 13:23:48.448  INFO 5432 --- [main] c.g.GuessNumberApplicationTests          : Starting GuessNumberApplicationTests using Java 1.8.0_202 on DESKTOP-PKOB2HV with PID 5432 (started by Simon in D:\practice\tests\guess_number)
2021-10-22 13:23:48.449  INFO 5432 --- [main] c.g.GuessNumberApplicationTests          : No active profile set, falling back to default profiles: default
2021-10-22 13:23:48.672  INFO 5432 --- [main] .s.d.r.c.RepositoryConfigurationDelegate : Multiple Spring Data modules found, entering strict repository configuration mode!
2021-10-22 13:23:48.675  INFO 5432 --- [main] .s.d.r.c.RepositoryConfigurationDelegate : Bootstrapping Spring Data Redis repositories in DEFAULT mode.
2021-10-22 13:23:48.692  INFO 5432 --- [main] .s.d.r.c.RepositoryConfigurationDelegate : Finished Spring Data repository scanning in 5 ms. Found 0 Redis repository interfaces.
2021-10-22 13:23:49.359  INFO 5432 --- [main] c.g.GuessNumberApplicationTests          : Started GuessNumberApplicationTests in 0.934 seconds (JVM running for 3.357)
2021-10-22 13:24:11.055  INFO 14592 --- [main] com.guessnumber.GuessControllerTests     : Starting GuessControllerTests using Java 1.8.0_202 on DESKTOP-PKOB2HV with PID 14592 (started by Simon in D:\practice\tests\guess_number)
2021-10-22 13:24:11.057  INFO 14592 --- [main] com.guessnumber.GuessControllerTests     : No active profile set, falling back to default profiles: default
2021-10-22 13:24:12.311  INFO 14592 --- [main] o.s.b.t.m.w.SpringBootMockServletContext : Initializing Spring TestDispatcherServlet ''
2021-10-22 13:24:12.311  INFO 14592 --- [main] o.s.t.web.servlet.TestDispatcherServlet  : Initializing Servlet ''
2021-10-22 13:24:12.312  INFO 14592 --- [main] o.s.t.web.servlet.TestDispatcherServlet  : Completed initialization in 1 ms
2021-10-22 13:24:12.332  INFO 14592 --- [main] com.guessnumber.GuessControllerTests     : Started GuessControllerTests in 1.617 seconds (JVM running for 2.307)
2021-10-22 13:24:12.415  WARN 14592 --- [main] .w.s.m.s.DefaultHandlerExceptionResolver : Resolved [org.springframework.http.converter.HttpMessageNotReadableException: Required request body is missing: public org.springframework.http.ResponseEntity<java.lang.Object> com.guessnumber.controller.GuessNumberController.startGuessing(com.guessnumber.model.UserInput) throws java.lang.Exception]
2021-10-22 13:24:12.459  INFO 14592 --- [main] .b.t.c.SpringBootTestContextBootstrapper : Neither @ContextConfiguration nor @ContextHierarchy found for test class [com.guessnumber.GuessNumberApplicationTests], using SpringBootContextLoader
2021-10-22 13:24:12.460  INFO 14592 --- [main] o.s.t.c.support.AbstractContextLoader    : Could not detect default resource locations for test class [com.guessnumber.GuessNumberApplicationTests]: no resource found for suffixes {-context.xml, Context.groovy}.
2021-10-22 13:24:12.460  INFO 14592 --- [main] t.c.s.AnnotationConfigContextLoaderUtils : Could not detect default configuration classes for test class [com.guessnumber.GuessNumberApplicationTests]: GuessNumberApplicationTests does not declare any static, non-private, non-final, nested classes annotated with @Configuration.
2021-10-22 13:24:12.462  INFO 14592 --- [main] .b.t.c.SpringBootTestContextBootstrapper : Found @SpringBootConfiguration com.guessnumber.GuessNumberApplication for test class com.guessnumber.GuessNumberApplicationTests
2021-10-22 13:24:12.466  INFO 14592 --- [main] .b.t.c.SpringBootTestContextBootstrapper : Loaded default TestExecutionListener class names from location [META-INF/spring.factories]: [org.springframework.boot.test.mock.mockito.MockitoTestExecutionListener, org.springframework.boot.test.mock.mockito.ResetMocksTestExecutionListener, org.springframework.boot.test.autoconfigure.restdocs.RestDocsTestExecutionListener, org.springframework.boot.test.autoconfigure.web.client.MockRestServiceServerResetTestExecutionListener, org.springframework.boot.test.autoconfigure.web.servlet.MockMvcPrintOnlyOnFailureTestExecutionListener, org.springframework.boot.test.autoconfigure.web.servlet.WebDriverTestExecutionListener, org.springframework.boot.test.autoconfigure.webservices.client.MockWebServiceServerTestExecutionListener, org.springframework.test.context.web.ServletTestExecutionListener, org.springframework.test.context.support.DirtiesContextBeforeModesTestExecutionListener, org.springframework.test.context.event.ApplicationEventsTestExecutionListener, org.springframework.test.context.support.DependencyInjectionTestExecutionListener, org.springframework.test.context.support.DirtiesContextTestExecutionListener, org.springframework.test.context.transaction.TransactionalTestExecutionListener, org.springframework.test.context.jdbc.SqlScriptsTestExecutionListener, org.springframework.test.context.event.EventPublishingTestExecutionListener]
2021-10-22 13:24:12.467  INFO 14592 --- [main] .b.t.c.SpringBootTestContextBootstrapper : Using TestExecutionListeners: [org.springframework.test.context.web.ServletTestExecutionListener@14fded9d, org.springframework.test.context.support.DirtiesContextBeforeModesTestExecutionListener@bc6288b, org.springframework.test.context.event.ApplicationEventsTestExecutionListener@4a3bd45b, org.springframework.boot.test.mock.mockito.MockitoTestExecutionListener@34c70b5e, org.springframework.boot.test.autoconfigure.SpringBootDependencyInjectionTestExecutionListener@4f2d995e, org.springframework.test.context.support.DirtiesContextTestExecutionListener@75156240, org.springframework.test.context.transaction.TransactionalTestExecutionListener@6198e9b5, org.springframework.test.context.jdbc.SqlScriptsTestExecutionListener@6d099323, org.springframework.test.context.event.EventPublishingTestExecutionListener@4ecd00b5, org.springframework.boot.test.mock.mockito.ResetMocksTestExecutionListener@10947c4e, org.springframework.boot.test.autoconfigure.restdocs.RestDocsTestExecutionListener@3667faa8, org.springframework.boot.test.autoconfigure.web.client.MockRestServiceServerResetTestExecutionListener@1756f7cc, org.springframework.boot.test.autoconfigure.web.servlet.MockMvcPrintOnlyOnFailureTestExecutionListener@3138953b, org.springframework.boot.test.autoconfigure.web.servlet.WebDriverTestExecutionListener@27df95e, org.springframework.boot.test.autoconfigure.webservices.client.MockWebServiceServerTestExecutionListener@b46e103]
2021-10-22 13:24:12.493  INFO 14592 --- [main] c.g.GuessNumberApplicationTests          : Starting GuessNumberApplicationTests using Java 1.8.0_202 on DESKTOP-PKOB2HV with PID 14592 (started by Simon in D:\practice\tests\guess_number)
2021-10-22 13:24:12.495  INFO 14592 --- [main] c.g.GuessNumberApplicationTests          : No active profile set, falling back to default profiles: default
2021-10-22 13:24:12.713  INFO 14592 --- [main] .s.d.r.c.RepositoryConfigurationDelegate : Multiple Spring Data modules found, entering strict repository configuration mode!
2021-10-22 13:24:12.715  INFO 14592 --- [main] .s.d.r.c.RepositoryConfigurationDelegate : Bootstrapping Spring Data Redis repositories in DEFAULT mode.
2021-10-22 13:24:12.735  INFO 14592 --- [main] .s.d.r.c.RepositoryConfigurationDelegate : Finished Spring Data repository scanning in 7 ms. Found 0 Redis repository interfaces.
2021-10-22 13:24:13.421  INFO 14592 --- [main] c.g.GuessNumberApplicationTests          : Started GuessNumberApplicationTests in 0.952 seconds (JVM running for 3.396)
2021-10-22 13:27:11.870  INFO 6992 --- [main] com.guessnumber.GuessControllerTests     : Starting GuessControllerTests using Java 1.8.0_202 on DESKTOP-PKOB2HV with PID 6992 (started by Simon in D:\practice\tests\guess_number)
2021-10-22 13:27:11.872  INFO 6992 --- [main] com.guessnumber.GuessControllerTests     : No active profile set, falling back to default profiles: default
2021-10-22 13:27:13.184  INFO 6992 --- [main] o.s.b.t.m.w.SpringBootMockServletContext : Initializing Spring TestDispatcherServlet ''
2021-10-22 13:27:13.185  INFO 6992 --- [main] o.s.t.web.servlet.TestDispatcherServlet  : Initializing Servlet ''
2021-10-22 13:27:13.186  INFO 6992 --- [main] o.s.t.web.servlet.TestDispatcherServlet  : Completed initialization in 1 ms
2021-10-22 13:27:13.210  INFO 6992 --- [main] com.guessnumber.GuessControllerTests     : Started GuessControllerTests in 1.709 seconds (JVM running for 2.624)
2021-10-22 13:27:13.291  WARN 6992 --- [main] .w.s.m.s.DefaultHandlerExceptionResolver : Resolved [org.springframework.http.converter.HttpMessageNotReadableException: Required request body is missing: public org.springframework.http.ResponseEntity<java.lang.Object> com.guessnumber.controller.GuessNumberController.startGuessing(com.guessnumber.model.UserInput) throws java.lang.Exception]
2021-10-22 13:53:22.426  INFO 15068 --- [main] c.g.GuessNumberApplicationTests          : Starting GuessNumberApplicationTests using Java 1.8.0_202 on DESKTOP-PKOB2HV with PID 15068 (started by Simon in D:\practice\tests\guess_number)
2021-10-22 13:53:22.429  INFO 15068 --- [main] c.g.GuessNumberApplicationTests          : No active profile set, falling back to default profiles: default
2021-10-22 13:53:22.874  INFO 15068 --- [main] .s.d.r.c.RepositoryConfigurationDelegate : Multiple Spring Data modules found, entering strict repository configuration mode!
2021-10-22 13:53:22.877  INFO 15068 --- [main] .s.d.r.c.RepositoryConfigurationDelegate : Bootstrapping Spring Data Redis repositories in DEFAULT mode.
2021-10-22 13:53:22.893  INFO 15068 --- [main] .s.d.r.c.RepositoryConfigurationDelegate : Finished Spring Data repository scanning in 6 ms. Found 0 Redis repository interfaces.
2021-10-22 13:53:24.134  INFO 15068 --- [main] c.g.GuessNumberApplicationTests          : Started GuessNumberApplicationTests in 1.963 seconds (JVM running for 2.7)
2021-10-22 13:53:47.057  INFO 7860 --- [main] c.g.GuessNumberApplicationTests          : Starting GuessNumberApplicationTests using Java 1.8.0_202 on DESKTOP-PKOB2HV with PID 7860 (started by Simon in D:\practice\tests\guess_number)
2021-10-22 13:53:47.059  INFO 7860 --- [main] c.g.GuessNumberApplicationTests          : No active profile set, falling back to default profiles: default
2021-10-22 13:53:47.515  INFO 7860 --- [main] .s.d.r.c.RepositoryConfigurationDelegate : Multiple Spring Data modules found, entering strict repository configuration mode!
2021-10-22 13:53:47.518  INFO 7860 --- [main] .s.d.r.c.RepositoryConfigurationDelegate : Bootstrapping Spring Data Redis repositories in DEFAULT mode.
2021-10-22 13:53:47.536  INFO 7860 --- [main] .s.d.r.c.RepositoryConfigurationDelegate : Finished Spring Data repository scanning in 6 ms. Found 0 Redis repository interfaces.
2021-10-22 13:53:48.775  INFO 7860 --- [main] c.g.GuessNumberApplicationTests          : Started GuessNumberApplicationTests in 1.98 seconds (JVM running for 2.722)
2021-10-22 14:00:53.585  INFO 12092 --- [main] c.g.GuessNumberApplicationTests          : Starting GuessNumberApplicationTests using Java 1.8.0_202 on DESKTOP-PKOB2HV with PID 12092 (started by Simon in D:\practice\tests\guess_number)
2021-10-22 14:00:53.587  INFO 12092 --- [main] c.g.GuessNumberApplicationTests          : No active profile set, falling back to default profiles: default
2021-10-22 14:00:54.012  INFO 12092 --- [main] .s.d.r.c.RepositoryConfigurationDelegate : Multiple Spring Data modules found, entering strict repository configuration mode!
2021-10-22 14:00:54.014  INFO 12092 --- [main] .s.d.r.c.RepositoryConfigurationDelegate : Bootstrapping Spring Data Redis repositories in DEFAULT mode.
2021-10-22 14:00:54.030  INFO 12092 --- [main] .s.d.r.c.RepositoryConfigurationDelegate : Finished Spring Data repository scanning in 6 ms. Found 0 Redis repository interfaces.
2021-10-22 14:00:55.258  INFO 12092 --- [main] c.g.GuessNumberApplicationTests          : Started GuessNumberApplicationTests in 1.922 seconds (JVM running for 2.663)
2021-10-22 14:02:54.819  INFO 6828 --- [main] c.g.GuessNumberApplicationTests          : Starting GuessNumberApplicationTests using Java 1.8.0_202 on DESKTOP-PKOB2HV with PID 6828 (started by Simon in D:\practice\tests\guess_number)
2021-10-22 14:02:54.821  INFO 6828 --- [main] c.g.GuessNumberApplicationTests          : No active profile set, falling back to default profiles: default
2021-10-22 14:02:55.256  INFO 6828 --- [main] .s.d.r.c.RepositoryConfigurationDelegate : Multiple Spring Data modules found, entering strict repository configuration mode!
2021-10-22 14:02:55.259  INFO 6828 --- [main] .s.d.r.c.RepositoryConfigurationDelegate : Bootstrapping Spring Data Redis repositories in DEFAULT mode.
2021-10-22 14:02:55.276  INFO 6828 --- [main] .s.d.r.c.RepositoryConfigurationDelegate : Finished Spring Data repository scanning in 7 ms. Found 0 Redis repository interfaces.
2021-10-22 14:02:56.472  INFO 6828 --- [main] c.g.GuessNumberApplicationTests          : Started GuessNumberApplicationTests in 1.913 seconds (JVM running for 2.643)
2021-10-22 14:05:43.021  INFO 15084 --- [main] c.g.GuessNumberApplicationTests          : Starting GuessNumberApplicationTests using Java 1.8.0_202 on DESKTOP-PKOB2HV with PID 15084 (started by Simon in D:\practice\tests\guess_number)
2021-10-22 14:05:43.023  INFO 15084 --- [main] c.g.GuessNumberApplicationTests          : No active profile set, falling back to default profiles: default
2021-10-22 14:05:43.469  INFO 15084 --- [main] .s.d.r.c.RepositoryConfigurationDelegate : Multiple Spring Data modules found, entering strict repository configuration mode!
2021-10-22 14:05:43.471  INFO 15084 --- [main] .s.d.r.c.RepositoryConfigurationDelegate : Bootstrapping Spring Data Redis repositories in DEFAULT mode.
2021-10-22 14:05:43.488  INFO 15084 --- [main] .s.d.r.c.RepositoryConfigurationDelegate : Finished Spring Data repository scanning in 7 ms. Found 0 Redis repository interfaces.
2021-10-22 14:05:44.702  INFO 15084 --- [main] c.g.GuessNumberApplicationTests          : Started GuessNumberApplicationTests in 1.94 seconds (JVM running for 2.717)
2021-10-22 14:06:39.761  INFO 6916 --- [main] c.g.GuessNumberApplicationTests          : Starting GuessNumberApplicationTests using Java 1.8.0_202 on DESKTOP-PKOB2HV with PID 6916 (started by Simon in D:\practice\tests\guess_number)
2021-10-22 14:06:39.763  INFO 6916 --- [main] c.g.GuessNumberApplicationTests          : No active profile set, falling back to default profiles: default
2021-10-22 14:06:40.229  INFO 6916 --- [main] .s.d.r.c.RepositoryConfigurationDelegate : Multiple Spring Data modules found, entering strict repository configuration mode!
2021-10-22 14:06:40.232  INFO 6916 --- [main] .s.d.r.c.RepositoryConfigurationDelegate : Bootstrapping Spring Data Redis repositories in DEFAULT mode.
2021-10-22 14:06:40.249  INFO 6916 --- [main] .s.d.r.c.RepositoryConfigurationDelegate : Finished Spring Data repository scanning in 7 ms. Found 0 Redis repository interfaces.
2021-10-22 14:06:41.449  INFO 6916 --- [main] c.g.GuessNumberApplicationTests          : Started GuessNumberApplicationTests in 1.941 seconds (JVM running for 2.653)
2021-10-22 14:07:59.231  INFO 6832 --- [main] c.g.GuessNumberApplicationTests          : Starting GuessNumberApplicationTests using Java 1.8.0_202 on DESKTOP-PKOB2HV with PID 6832 (started by Simon in D:\practice\tests\guess_number)
2021-10-22 14:07:59.233  INFO 6832 --- [main] c.g.GuessNumberApplicationTests          : No active profile set, falling back to default profiles: default
2021-10-22 14:07:59.663  INFO 6832 --- [main] .s.d.r.c.RepositoryConfigurationDelegate : Multiple Spring Data modules found, entering strict repository configuration mode!
2021-10-22 14:07:59.665  INFO 6832 --- [main] .s.d.r.c.RepositoryConfigurationDelegate : Bootstrapping Spring Data Redis repositories in DEFAULT mode.
2021-10-22 14:07:59.681  INFO 6832 --- [main] .s.d.r.c.RepositoryConfigurationDelegate : Finished Spring Data repository scanning in 6 ms. Found 0 Redis repository interfaces.
2021-10-22 14:08:00.964  INFO 6832 --- [main] c.g.GuessNumberApplicationTests          : Started GuessNumberApplicationTests in 1.979 seconds (JVM running for 2.731)
2021-10-22 14:08:30.006  INFO 4340 --- [main] c.g.GuessNumberApplicationTests          : Starting GuessNumberApplicationTests using Java 1.8.0_202 on DESKTOP-PKOB2HV with PID 4340 (started by Simon in D:\practice\tests\guess_number)
2021-10-22 14:08:30.008  INFO 4340 --- [main] c.g.GuessNumberApplicationTests          : No active profile set, falling back to default profiles: default
2021-10-22 14:08:30.440  INFO 4340 --- [main] .s.d.r.c.RepositoryConfigurationDelegate : Multiple Spring Data modules found, entering strict repository configuration mode!
2021-10-22 14:08:30.442  INFO 4340 --- [main] .s.d.r.c.RepositoryConfigurationDelegate : Bootstrapping Spring Data Redis repositories in DEFAULT mode.
2021-10-22 14:08:30.461  INFO 4340 --- [main] .s.d.r.c.RepositoryConfigurationDelegate : Finished Spring Data repository scanning in 7 ms. Found 0 Redis repository interfaces.
2021-10-22 14:08:31.702  INFO 4340 --- [main] c.g.GuessNumberApplicationTests          : Started GuessNumberApplicationTests in 1.943 seconds (JVM running for 2.685)
